#
# There is insufficient memory for the Java Runtime Environment to continue.
# Native memory allocation (malloc) failed to allocate 32744 bytes for ChunkPool::allocate
# Possible reasons:
#   The system is out of physical RAM or swap space
#   In 32 bit mode, the process size limit was hit
# Possible solutions:
#   Reduce memory load on the system
#   Increase physical memory or swap space
#   Check if swap backing store is full
#   Use 64 bit Java on a 64 bit OS
#   Decrease Java heap size (-Xmx/-Xms)
#   Decrease number of Java threads
#   Decrease Java thread stack sizes (-Xss)
#   Set larger code cache with -XX:ReservedCodeCacheSize=
# This output file may be truncated or incomplete.
#
#  Out of Memory Error (allocation.cpp:273), pid=11136, tid=0x0000000000000f74
#
# JRE version: OpenJDK Runtime Environment (8.0_152-b01) (build 1.8.0_152-release-1343-b01)
# Java VM: OpenJDK 64-Bit Server VM (25.152-b01 mixed mode windows-amd64 compressed oops)
# Failed to write core dump. Minidumps are not enabled by default on client versions of Windows
#

---------------  T H R E A D  ---------------

Current thread (0x0000000018789800):  JavaThread "C2 CompilerThread1" daemon [_thread_in_native, id=3956, stack(0x0000000019160000,0x0000000019260000)]

Stack: [0x0000000019160000,0x0000000019260000]
[error occurred during error reporting (printing stack bounds), id 0xc0000005]

Native frames: (J=compiled Java code, j=interpreted, Vv=VM code, C=native code)


Current CompileTask:
C2:   5658 1374   !   4       java.net.URLClassLoader$1::run (63 bytes)


---------------  P R O C E S S  ---------------

Java Threads: ( => current thread )
  0x000000001cb2f000 JavaThread "Cache worker for file hash cache (C:\Users\zhuwei\Desktop\workspace\github\tfdroid-examples\lite\examples\object_detection\android\.gradle\4.6\fileHashes)" [_thread_blocked, id=2336, stack(0x000000001de70000,0x000000001df70000)]
  0x000000001c75c800 JavaThread "File lock request listener" [_thread_in_native, id=10544, stack(0x000000001cca0000,0x000000001cda0000)]
  0x000000001ab18000 JavaThread "Cache worker for file hash cache (C:\Users\zhuwei\.gradle\caches\4.6\fileHashes)" [_thread_blocked, id=7508, stack(0x000000001cba0000,0x000000001cca0000)]
  0x000000001a84c000 JavaThread "Stdin handler" [_thread_blocked, id=10700, stack(0x000000001b8d0000,0x000000001b9d0000)]
  0x000000001a5a4800 JavaThread "Asynchronous log dispatcher for DefaultDaemonConnection: socket connection from /127.0.0.1:49913 to /127.0.0.1:49914" [_thread_blocked, id=11656, stack(0x000000001b7d0000,0x000000001b8d0000)]
  0x000000001a856800 JavaThread "Daemon worker" [_thread_in_Java, id=5748, stack(0x000000001b6d0000,0x000000001b7d0000)]
  0x000000001a5a5800 JavaThread "Cancel handler" [_thread_blocked, id=5048, stack(0x000000001b5d0000,0x000000001b6d0000)]
  0x000000001a539000 JavaThread "Handler for socket connection from /127.0.0.1:49913 to /127.0.0.1:49914" [_thread_in_native, id=5780, stack(0x000000001b2d0000,0x000000001b3d0000)]
  0x000000001a843000 JavaThread "Daemon" [_thread_blocked, id=5336, stack(0x000000001b1d0000,0x000000001b2d0000)]
  0x000000001a500800 JavaThread "Daemon periodic checks" [_thread_blocked, id=6948, stack(0x000000001b0d0000,0x000000001b1d0000)]
  0x000000001a7d9800 JavaThread "Incoming local TCP Connector on port 49913" [_thread_in_native, id=1828, stack(0x000000001af30000,0x000000001b030000)]
  0x000000001880b800 JavaThread "Service Thread" daemon [_thread_blocked, id=5264, stack(0x0000000019360000,0x0000000019460000)]
  0x00000000187ee000 JavaThread "C1 CompilerThread2" daemon [_thread_blocked, id=8584, stack(0x0000000019260000,0x0000000019360000)]
=>0x0000000018789800 JavaThread "C2 CompilerThread1" daemon [_thread_in_native, id=3956, stack(0x0000000019160000,0x0000000019260000)]
  0x0000000018788800 JavaThread "C2 CompilerThread0" daemon [_thread_in_native, id=10320, stack(0x0000000019060000,0x0000000019160000)]
  0x000000001877d800 JavaThread "JDWP Command Reader" daemon [_thread_in_native, id=8832, stack(0x0000000018f60000,0x0000000019060000)]
  0x000000001877a000 JavaThread "JDWP Event Helper Thread" daemon [_thread_blocked, id=8224, stack(0x0000000018e60000,0x0000000018f60000)]
  0x000000001876c000 JavaThread "JDWP Transport Listener: dt_socket" daemon [_thread_blocked, id=7932, stack(0x0000000018d60000,0x0000000018e60000)]
  0x00000000173ee000 JavaThread "Attach Listener" daemon [_thread_blocked, id=8796, stack(0x0000000018c60000,0x0000000018d60000)]
  0x0000000018768800 JavaThread "Signal Dispatcher" daemon [_thread_blocked, id=11196, stack(0x0000000018b60000,0x0000000018c60000)]
  0x00000000028ae800 JavaThread "Finalizer" daemon [_thread_blocked, id=5128, stack(0x0000000018660000,0x0000000018760000)]
  0x00000000028a3000 JavaThread "Reference Handler" daemon [_thread_blocked, id=9396, stack(0x0000000018560000,0x0000000018660000)]
  0x00000000027b2800 JavaThread "main" [_thread_blocked, id=9668, stack(0x00000000026b0000,0x00000000027b0000)]

Other Threads:
  0x00000000173a8000 VMThread [stack: 0x0000000018460000,0x0000000018560000] [id=1176]
  0x000000001878d800 WatcherThread [stack: 0x0000000019460000,0x0000000019560000] [id=10484]

VM state:not at safepoint (normal execution)

VM Mutex/Monitor currently owned by a thread: None

Heap:
 PSYoungGen      total 38400K, used 14057K [0x00000000d5f00000, 0x00000000d8980000, 0x0000000100000000)
  eden space 33280K, 26% used [0x00000000d5f00000,0x00000000d67c06d8,0x00000000d7f80000)
  from space 5120K, 99% used [0x00000000d8480000,0x00000000d897a060,0x00000000d8980000)
  to   space 5120K, 0% used [0x00000000d7f80000,0x00000000d7f80000,0x00000000d8480000)
 ParOldGen       total 87552K, used 6019K [0x0000000081c00000, 0x0000000087180000, 0x00000000d5f00000)
  object space 87552K, 6% used [0x0000000081c00000,0x00000000821e0e88,0x0000000087180000)
 Metaspace       used 18750K, capacity 19134K, committed 19456K, reserved 1067008K
  class space    used 2656K, capacity 2765K, committed 2816K, reserved 1048576K

Card table byte_map: [0x0000000011c70000,0x0000000012070000] byte_map_base: 0x0000000011862000

Marking Bits: (ParMarkBitMap*) 0x000000006d5c5aa0
 Begin Bits: [0x0000000012720000, 0x00000000146b0000)
 End Bits:   [0x00000000146b0000, 0x0000000016640000)

Polling page: 0x0000000000730000

CodeCache: size=245760Kb used=5515Kb max_used=5515Kb free=240244Kb
 bounds [0x00000000028b0000, 0x0000000002e20000, 0x00000000118b0000]
 total_blobs=1956 nmethods=1582 adapters=295
 compilation: enabled

Compilation events (10 events):
Event: 5.296 Thread 0x00000000187ee000 1586       3       java.util.StringTokenizer::<init> (52 bytes)
Event: 5.296 Thread 0x00000000187ee000 nmethod 1586 0x0000000002e10290 code [0x0000000002e10400, 0x0000000002e10748]
Event: 5.475 Thread 0x00000000187ee000 1587       3       java.util.concurrent.locks.AbstractQueuedSynchronizer::release (33 bytes)
Event: 5.475 Thread 0x00000000187ee000 nmethod 1587 0x0000000002e10b10 code [0x0000000002e10c80, 0x0000000002e10fb8]
Event: 5.485 Thread 0x00000000187ee000 1588       3       java.util.concurrent.locks.AbstractQueuedSynchronizer::compareAndSetState (13 bytes)
Event: 5.485 Thread 0x00000000187ee000 nmethod 1588 0x0000000002e11090 code [0x0000000002e111e0, 0x0000000002e11350]
Event: 5.487 Thread 0x00000000187ee000 1589       3       sun.reflect.generics.parser.SignatureParser::parseClassTypeSignature (118 bytes)
Event: 5.490 Thread 0x00000000187ee000 nmethod 1589 0x0000000002e113d0 code [0x0000000002e11780, 0x0000000002e131c8]
Event: 5.490 Thread 0x00000000187ee000 1590       3       sun.reflect.generics.tree.SimpleClassTypeSignature::make (11 bytes)
Event: 5.490 Thread 0x00000000187ee000 nmethod 1590 0x0000000002e141d0 code [0x0000000002e14340, 0x0000000002e145b0]

GC Heap History (8 events):
Event: 1.690 GC heap before
{Heap before GC invocations=1 (full 0):
 PSYoungGen      total 38400K, used 33280K [0x00000000d5f00000, 0x00000000d8980000, 0x0000000100000000)
  eden space 33280K, 100% used [0x00000000d5f00000,0x00000000d7f80000,0x00000000d7f80000)
  from space 5120K, 0% used [0x00000000d8480000,0x00000000d8480000,0x00000000d8980000)
  to   space 5120K, 0% used [0x00000000d7f80000,0x00000000d7f80000,0x00000000d8480000)
 ParOldGen       total 87552K, used 0K [0x0000000081c00000, 0x0000000087180000, 0x00000000d5f00000)
  object space 87552K, 0% used [0x0000000081c00000,0x0000000081c00000,0x0000000087180000)
 Metaspace       used 7086K, capacity 7320K, committed 7680K, reserved 1056768K
  class space    used 849K, capacity 909K, committed 1024K, reserved 1048576K
Event: 1.702 GC heap after
Heap after GC invocations=1 (full 0):
 PSYoungGen      total 38400K, used 4463K [0x00000000d5f00000, 0x00000000d8980000, 0x0000000100000000)
  eden space 33280K, 0% used [0x00000000d5f00000,0x00000000d5f00000,0x00000000d7f80000)
  from space 5120K, 87% used [0x00000000d7f80000,0x00000000d83dbd88,0x00000000d8480000)
  to   space 5120K, 0% used [0x00000000d8480000,0x00000000d8480000,0x00000000d8980000)
 ParOldGen       total 87552K, used 8K [0x0000000081c00000, 0x0000000087180000, 0x00000000d5f00000)
  object space 87552K, 0% used [0x0000000081c00000,0x0000000081c02000,0x0000000087180000)
 Metaspace       used 7086K, capacity 7320K, committed 7680K, reserved 1056768K
  class space    used 849K, capacity 909K, committed 1024K, reserved 1048576K
}
Event: 3.303 GC heap before
{Heap before GC invocations=2 (full 0):
 PSYoungGen      total 38400K, used 37743K [0x00000000d5f00000, 0x00000000d8980000, 0x0000000100000000)
  eden space 33280K, 100% used [0x00000000d5f00000,0x00000000d7f80000,0x00000000d7f80000)
  from space 5120K, 87% used [0x00000000d7f80000,0x00000000d83dbd88,0x00000000d8480000)
  to   space 5120K, 0% used [0x00000000d8480000,0x00000000d8480000,0x00000000d8980000)
 ParOldGen       total 87552K, used 8K [0x0000000081c00000, 0x0000000087180000, 0x00000000d5f00000)
  object space 87552K, 0% used [0x0000000081c00000,0x0000000081c02000,0x0000000087180000)
 Metaspace       used 10764K, capacity 11128K, committed 11264K, reserved 1058816K
  class space    used 1387K, capacity 1490K, committed 1536K, reserved 1048576K
Event: 3.310 GC heap after
Heap after GC invocations=2 (full 0):
 PSYoungGen      total 38400K, used 5092K [0x00000000d5f00000, 0x00000000d8980000, 0x0000000100000000)
  eden space 33280K, 0% used [0x00000000d5f00000,0x00000000d5f00000,0x00000000d7f80000)
  from space 5120K, 99% used [0x00000000d8480000,0x00000000d89791f8,0x00000000d8980000)
  to   space 5120K, 0% used [0x00000000d7f80000,0x00000000d7f80000,0x00000000d8480000)
 ParOldGen       total 87552K, used 345K [0x0000000081c00000, 0x0000000087180000, 0x00000000d5f00000)
  object space 87552K, 0% used [0x0000000081c00000,0x0000000081c567a0,0x0000000087180000)
 Metaspace       used 10764K, capacity 11128K, committed 11264K, reserved 1058816K
  class space    used 1387K, capacity 1490K, committed 1536K, reserved 1048576K
}
Event: 4.060 GC heap before
{Heap before GC invocations=3 (full 0):
 PSYoungGen      total 38400K, used 38372K [0x00000000d5f00000, 0x00000000d8980000, 0x0000000100000000)
  eden space 33280K, 100% used [0x00000000d5f00000,0x00000000d7f80000,0x00000000d7f80000)
  from space 5120K, 99% used [0x00000000d8480000,0x00000000d89791f8,0x00000000d8980000)
  to   space 5120K, 0% used [0x00000000d7f80000,0x00000000d7f80000,0x00000000d8480000)
 ParOldGen       total 87552K, used 345K [0x0000000081c00000, 0x0000000087180000, 0x00000000d5f00000)
  object space 87552K, 0% used [0x0000000081c00000,0x0000000081c567a0,0x0000000087180000)
 Metaspace       used 14266K, capacity 14662K, committed 14976K, reserved 1062912K
  class space    used 1966K, capacity 2089K, committed 2176K, reserved 1048576K
Event: 4.069 GC heap after
Heap after GC invocations=3 (full 0):
 PSYoungGen      total 38400K, used 5109K [0x00000000d5f00000, 0x00000000d8980000, 0x0000000100000000)
  eden space 33280K, 0% used [0x00000000d5f00000,0x00000000d5f00000,0x00000000d7f80000)
  from space 5120K, 99% used [0x00000000d7f80000,0x00000000d847d5c0,0x00000000d8480000)
  to   space 5120K, 0% used [0x00000000d8480000,0x00000000d8480000,0x00000000d8980000)
 ParOldGen       total 87552K, used 2565K [0x0000000081c00000, 0x0000000087180000, 0x00000000d5f00000)
  object space 87552K, 2% used [0x0000000081c00000,0x0000000081e81480,0x0000000087180000)
 Metaspace       used 14266K, capacity 14662K, committed 14976K, reserved 1062912K
  class space    used 1966K, capacity 2089K, committed 2176K, reserved 1048576K
}
Event: 5.161 GC heap before
{Heap before GC invocations=4 (full 0):
 PSYoungGen      total 38400K, used 38389K [0x00000000d5f00000, 0x00000000d8980000, 0x0000000100000000)
  eden space 33280K, 100% used [0x00000000d5f00000,0x00000000d7f80000,0x00000000d7f80000)
  from space 5120K, 99% used [0x00000000d7f80000,0x00000000d847d5c0,0x00000000d8480000)
  to   space 5120K, 0% used [0x00000000d8480000,0x00000000d8480000,0x00000000d8980000)
 ParOldGen       total 87552K, used 2565K [0x0000000081c00000, 0x0000000087180000, 0x00000000d5f00000)
  object space 87552K, 2% used [0x0000000081c00000,0x0000000081e81480,0x0000000087180000)
 Metaspace       used 17571K, capacity 17982K, committed 18304K, reserved 1064960K
  class space    used 2506K, capacity 2637K, committed 2688K, reserved 1048576K
Event: 5.183 GC heap after
Heap after GC invocations=4 (full 0):
 PSYoungGen      total 38400K, used 5096K [0x00000000d5f00000, 0x00000000d8980000, 0x0000000100000000)
  eden space 33280K, 0% used [0x00000000d5f00000,0x00000000d5f00000,0x00000000d7f80000)
  from space 5120K, 99% used [0x00000000d8480000,0x00000000d897a060,0x00000000d8980000)
  to   space 5120K, 0% used [0x00000000d7f80000,0x00000000d7f80000,0x00000000d8480000)
 ParOldGen       total 87552K, used 6019K [0x0000000081c00000, 0x0000000087180000, 0x00000000d5f00000)
  object space 87552K, 6% used [0x0000000081c00000,0x00000000821e0e88,0x0000000087180000)
 Metaspace       used 17571K, capacity 17982K, committed 18304K, reserved 1064960K
  class space    used 2506K, capacity 2637K, committed 2688K, reserved 1048576K
}

Deoptimization events (10 events):
Event: 3.539 Thread 0x000000001a856800 Uncommon trap: reason=bimorphic action=maybe_recompile pc=0x0000000002c0278c method=java.util.HashMap.putVal(ILjava/lang/Object;Ljava/lang/Object;ZZ)Ljava/lang/Object; @ 253
Event: 3.539 Thread 0x000000001a856800 Uncommon trap: reason=bimorphic action=maybe_recompile pc=0x0000000002c0278c method=java.util.HashMap.putVal(ILjava/lang/Object;Ljava/lang/Object;ZZ)Ljava/lang/Object; @ 253
Event: 3.895 Thread 0x000000001a856800 Uncommon trap: reason=class_check action=maybe_recompile pc=0x0000000002b47a34 method=java.util.regex.Matcher.match(II)Z @ 86
Event: 3.896 Thread 0x000000001a856800 Uncommon trap: reason=class_check action=maybe_recompile pc=0x0000000002b47a34 method=java.util.regex.Matcher.match(II)Z @ 86
Event: 4.193 Thread 0x000000001a856800 Uncommon trap: reason=unstable_if action=reinterpret pc=0x0000000002d6c640 method=java.lang.String.lastIndexOf([CII[CIII)I @ 66
Event: 4.851 Thread 0x000000001a856800 Uncommon trap: reason=unstable_if action=reinterpret pc=0x0000000002a0d8d8 method=java.net.URI.match(CJJ)Z @ 19
Event: 4.851 Thread 0x000000001a856800 Uncommon trap: reason=unstable_if action=reinterpret pc=0x0000000002b15234 method=java.net.URI.match(CJJ)Z @ 19
Event: 4.951 Thread 0x000000001a856800 Uncommon trap: reason=unstable_if action=reinterpret pc=0x0000000002b742e8 method=java.io.File.getName()Ljava/lang/String; @ 16
Event: 5.235 Thread 0x000000001a856800 Uncommon trap: reason=unstable_if action=reinterpret pc=0x0000000002ba365c method=java.lang.AbstractStringBuilder.append(Ljava/lang/String;)Ljava/lang/AbstractStringBuilder; @ 1
Event: 5.235 Thread 0x000000001a856800 Uncommon trap: reason=unstable_if action=reinterpret pc=0x0000000002aee6c8 method=java.lang.AbstractStringBuilder.append(Ljava/lang/String;)Ljava/lang/AbstractStringBuilder; @ 1

Classes redefined (0 events):
No events

Internal exceptions (10 events):
Event: 3.489 Thread 0x000000001a539000 Exception <a 'java/lang/NoSuchMethodError': <clinit>> (0x00000000d642ac40) thrown at [D:\src\AOSP-openjdk-cygwin\jdk8u\hotspot\src\share\vm\prims\jni.cpp, line 1613]
Event: 3.497 Thread 0x000000001a539000 Exception <a 'java/lang/NoSuchMethodError': <clinit>> (0x00000000d644fee0) thrown at [D:\src\AOSP-openjdk-cygwin\jdk8u\hotspot\src\share\vm\prims\jni.cpp, line 1613]
Event: 3.520 Thread 0x000000001a856800 Exception <a 'java/lang/NoSuchMethodError': <clinit>> (0x00000000d64fa610) thrown at [D:\src\AOSP-openjdk-cygwin\jdk8u\hotspot\src\share\vm\prims\jni.cpp, line 1613]
Event: 3.521 Thread 0x000000001a856800 Exception <a 'java/lang/NoSuchMethodError': <clinit>> (0x00000000d6502aa8) thrown at [D:\src\AOSP-openjdk-cygwin\jdk8u\hotspot\src\share\vm\prims\jni.cpp, line 1613]
Event: 4.999 Thread 0x000000001a856800 Exception <a 'java/lang/NoSuchMethodError': <clinit>> (0x00000000d7a65930) thrown at [D:\src\AOSP-openjdk-cygwin\jdk8u\hotspot\src\share\vm\prims\jni.cpp, line 1613]
Event: 5.000 Thread 0x000000001a856800 Exception <a 'java/lang/NoSuchMethodError': <clinit>> (0x00000000d7a682d0) thrown at [D:\src\AOSP-openjdk-cygwin\jdk8u\hotspot\src\share\vm\prims\jni.cpp, line 1613]
Event: 5.004 Thread 0x000000001a856800 Exception <a 'java/lang/NoSuchMethodError': <clinit>> (0x00000000d7a758c0) thrown at [D:\src\AOSP-openjdk-cygwin\jdk8u\hotspot\src\share\vm\prims\jni.cpp, line 1613]
Event: 5.007 Thread 0x000000001a856800 Exception <a 'java/lang/NoSuchMethodError': <clinit>> (0x00000000d7a811a8) thrown at [D:\src\AOSP-openjdk-cygwin\jdk8u\hotspot\src\share\vm\prims\jni.cpp, line 1613]
Event: 5.235 Thread 0x000000001a856800 Implicit null exception at 0x0000000002ba3159 to 0x0000000002ba3641
Event: 5.235 Thread 0x000000001a856800 Implicit null exception at 0x0000000002aee214 to 0x0000000002aee6b1

Events (10 events):
Event: 5.491 Thread 0x000000001a856800 DEOPT PACKING pc=0x0000000002d75ba8 sp=0x000000001b7c9270
Event: 5.491 Thread 0x000000001a856800 DEOPT UNPACKING pc=0x00000000028f75d0 sp=0x000000001b7c8ff0 mode 1
Event: 5.491 Thread 0x000000001a856800 DEOPT PACKING pc=0x0000000002d757a0 sp=0x000000001b7c9360
Event: 5.491 Thread 0x000000001a856800 DEOPT UNPACKING pc=0x00000000028f75d0 sp=0x000000001b7c9030 mode 1
Event: 5.493 loading class groovy/lang/GroovyInterceptable
Event: 5.493 loading class groovy/lang/GroovyInterceptable done
Event: 5.493 Thread 0x000000001a856800 DEOPT PACKING pc=0x0000000002d75ba8 sp=0x000000001b7c9270
Event: 5.493 Thread 0x000000001a856800 DEOPT UNPACKING pc=0x00000000028f75d0 sp=0x000000001b7c8ff0 mode 1
Event: 5.493 Thread 0x000000001a856800 DEOPT PACKING pc=0x0000000002d757a0 sp=0x000000001b7c9360
Event: 5.493 Thread 0x000000001a856800 DEOPT UNPACKING pc=0x00000000028f75d0 sp=0x000000001b7c9030 mode 1


Dynamic libraries:
0x00007ff68a8e0000 - 0x00007ff68a911000 	C:\Program Files\Android\Android Studio\jre\bin\java.exe
0x00007ffe5eee0000 - 0x00007ffe5f0b1000 	C:\Windows\SYSTEM32\ntdll.dll
0x00007ffe5d190000 - 0x00007ffe5d23c000 	C:\Windows\System32\KERNEL32.DLL
0x00007ffe5baa0000 - 0x00007ffe5bcbd000 	C:\Windows\System32\KERNELBASE.dll
0x00007ffe5ea80000 - 0x00007ffe5eb22000 	C:\Windows\System32\ADVAPI32.dll
0x00007ffe5c7e0000 - 0x00007ffe5c87e000 	C:\Windows\System32\msvcrt.dll
0x00007ffe5eb30000 - 0x00007ffe5eb89000 	C:\Windows\System32\sechost.dll
0x00007ffe5edb0000 - 0x00007ffe5eed1000 	C:\Windows\System32\RPCRT4.dll
0x00007ffe5ec40000 - 0x00007ffe5eda5000 	C:\Windows\System32\USER32.dll
0x00007ffe5bcc0000 - 0x00007ffe5bcde000 	C:\Windows\System32\win32u.dll
0x00007ffe5ea40000 - 0x00007ffe5ea74000 	C:\Windows\System32\GDI32.dll
0x00007ffe5b7d0000 - 0x00007ffe5b950000 	C:\Windows\System32\gdi32full.dll
0x00007ffe50ae0000 - 0x00007ffe50d5a000 	C:\Windows\WinSxS\amd64_microsoft.windows.common-controls_6595b64144ccf1df_6.0.14393.953_none_42151e83c686086b\COMCTL32.dll
0x00007ffe5d260000 - 0x00007ffe5d528000 	C:\Windows\System32\combase.dll
0x00007ffe5b430000 - 0x00007ffe5b525000 	C:\Windows\System32\ucrtbase.dll
0x00007ffe5b760000 - 0x00007ffe5b7ca000 	C:\Windows\System32\bcryptPrimitives.dll
0x00007ffe5ec10000 - 0x00007ffe5ec3e000 	C:\Windows\System32\IMM32.DLL
0x000000006cd20000 - 0x000000006cdf2000 	C:\Program Files\Android\Android Studio\jre\jre\bin\msvcr100.dll
0x000000006ce00000 - 0x000000006d641000 	C:\Program Files\Android\Android Studio\jre\jre\bin\server\jvm.dll
0x00007ffe5eb90000 - 0x00007ffe5eb98000 	C:\Windows\System32\PSAPI.DLL
0x00007ffe587e0000 - 0x00007ffe587e9000 	C:\Windows\SYSTEM32\WSOCK32.dll
0x00007ffe5eba0000 - 0x00007ffe5ec0a000 	C:\Windows\System32\WS2_32.dll
0x00007ffe596f0000 - 0x00007ffe59713000 	C:\Windows\SYSTEM32\WINMM.dll
0x00007ffe4f120000 - 0x00007ffe4f12a000 	C:\Windows\SYSTEM32\VERSION.dll
0x0000000000700000 - 0x000000000072b000 	C:\Windows\SYSTEM32\WINMMBASE.dll
0x00007ffe5b3e0000 - 0x00007ffe5b422000 	C:\Windows\System32\cfgmgr32.dll
0x00007ffe57d00000 - 0x00007ffe57d0f000 	C:\Program Files\Android\Android Studio\jre\jre\bin\verify.dll
0x00007ffe44230000 - 0x00007ffe44259000 	C:\Program Files\Android\Android Studio\jre\jre\bin\java.dll
0x00007ffe57bd0000 - 0x00007ffe57c05000 	C:\Program Files\Android\Android Studio\jre\jre\bin\jdwp.dll
0x00007ffe58ba0000 - 0x00007ffe58ba8000 	C:\Program Files\Android\Android Studio\jre\jre\bin\npt.dll
0x00007ffe57c60000 - 0x00007ffe57c76000 	C:\Program Files\Android\Android Studio\jre\jre\bin\zip.dll
0x00007ffe5d530000 - 0x00007ffe5ea38000 	C:\Windows\System32\SHELL32.dll
0x00007ffe5bce0000 - 0x00007ffe5c3ba000 	C:\Windows\System32\windows.storage.dll
0x00007ffe5b370000 - 0x00007ffe5b3bc000 	C:\Windows\System32\powrprof.dll
0x00007ffe5c470000 - 0x00007ffe5c4c2000 	C:\Windows\System32\shlwapi.dll
0x00007ffe5b360000 - 0x00007ffe5b36f000 	C:\Windows\System32\kernel.appcore.dll
0x00007ffe5b950000 - 0x00007ffe5b9f9000 	C:\Windows\System32\shcore.dll
0x00007ffe5b3c0000 - 0x00007ffe5b3d4000 	C:\Windows\System32\profapi.dll
0x00007ffe57bc0000 - 0x00007ffe57bc9000 	C:\Program Files\Android\Android Studio\jre\jre\bin\dt_socket.dll
0x00007ffe5ac80000 - 0x00007ffe5acdc000 	C:\Windows\system32\mswsock.dll
0x00007ffe504b0000 - 0x00007ffe504ca000 	C:\Program Files\Android\Android Studio\jre\jre\bin\net.dll
0x00007ffe443f0000 - 0x00007ffe44401000 	C:\Program Files\Android\Android Studio\jre\jre\bin\nio.dll
0x00007ffe42750000 - 0x00007ffe4276e000 	C:\Users\zhuwei\.gradle\native\25\windows-amd64\native-platform.dll
0x00007ffe54160000 - 0x00007ffe5416d000 	C:\Program Files\Android\Android Studio\jre\jre\bin\management.dll
0x00007ffe5ae30000 - 0x00007ffe5ae47000 	C:\Windows\SYSTEM32\CRYPTSP.dll
0x00007ffe5a880000 - 0x00007ffe5a8b3000 	C:\Windows\system32\rsaenh.dll
0x00007ffe5af30000 - 0x00007ffe5af5b000 	C:\Windows\SYSTEM32\bcrypt.dll
0x00007ffe5ab00000 - 0x00007ffe5ab1f000 	C:\Windows\SYSTEM32\USERENV.dll
0x00007ffe5ae20000 - 0x00007ffe5ae2b000 	C:\Windows\SYSTEM32\CRYPTBASE.dll
0x00007ffe5aa00000 - 0x00007ffe5aa38000 	C:\Windows\SYSTEM32\IPHLPAPI.DLL
0x00007ffe5c880000 - 0x00007ffe5c888000 	C:\Windows\System32\NSI.dll
0x00007ffe51e30000 - 0x00007ffe51e46000 	C:\Windows\SYSTEM32\dhcpcsvc6.DLL
0x00007ffe522d0000 - 0x00007ffe522ea000 	C:\Windows\SYSTEM32\dhcpcsvc.DLL

VM Arguments:
jvm_args: -agentlib:jdwp=transport=dt_socket,server=n,suspend=y,address=49907 -Dfile.encoding=GBK -Duser.country=CN -Duser.language=zh -Duser.variant 
java_command: org.gradle.launcher.daemon.bootstrap.GradleDaemon 4.6
java_class_path (initial): C:\Users\zhuwei\.gradle\wrapper\dists\gradle-4.6-all\bcst21l2brirad8k2ben1letg\gradle-4.6\lib\gradle-launcher-4.6.jar
Launcher Type: SUN_STANDARD

Environment Variables:
PATH=C:\Program Files\Docker\Docker\Resources\bin;C:\Program Files\MySQL\MySQL Server 8.0\bin;C:\ProgramData\Oracle\Java\javapath;C:\Program Files (x86)\Common Files\Oracle\Java\javapath;C:\Users\zhuwei2\AppData\Local\Programs\Python\Python36-32\Scripts;C:\Users\zhuwei2\AppData\Local\Programs\Python\Python36-32;C:\windows\system32;C:\Users\zhuwei2\AppData\Roaming\Python\Python36\Scripts;C:\Users\zhuwei\SWpackages\opencv-3.3.0\build\install\x64\vc12\bin;C:\CMake\bin;C:\Program Files (x86)\Windows Kits\10\Windows Performance Toolkit\;C:\Program Files (x86)\Google\Chrome\Application;C:\Program Files\Git\cmd;C:\Program Files\MVTec\HALCON-10.0\bin\x64-win64;C:\Program Files\MVTec\HALCON-10.0\FLEXlm\x64-win64;C:\Users\zhuwei\Anaconda3;C:\Users\zhuwei\Anaconda3\Library\mingw-w64\bin;C:\Users\zhuwei\Anaconda3\Library\usr\bin;C:\Users\zhuwei\Anaconda3\Library\bin;C:\Users\zhuwei\Anaconda3\Scripts;C:\Users\zhuwei\AppData\Local\Microsoft\WindowsApps;C:\MinGW\bin;C:\Users\zhuwei\AppData\Local\Markdown Monster;C:\Users\zhuwei\AppData\Local\Markdown Monster\Markdown Monster
USERNAME=zhuwei
OS=Windows_NT
PROCESSOR_IDENTIFIER=Intel64 Family 6 Model 69 Stepping 1, GenuineIntel



---------------  S Y S T E M  ---------------

OS: Windows 10.0 , 64 bit Build 14393 (10.0.14393.1198)

CPU:total 4 (initial active 4) (2 cores per cpu, 2 threads per core) family 6 model 69 stepping 1, cmov, cx8, fxsr, mmx, sse, sse2, sse3, ssse3, sse4.1, sse4.2, popcnt, avx, avx2, aes, clmul, erms, lzcnt, ht, tsc, tscinvbit, bmi1, bmi2

Memory: 4k page, physical 8266712k(811888k free), swap 8266712k(4076k free)

vm_info: OpenJDK 64-Bit Server VM (25.152-b01) for windows-amd64 JRE (1.8.0_152-release-1343-b01), built by "builder" with MS VC++ 10.0 (VS2010)

time: Sat Dec 21 21:50:12 2019
elapsed time: 5 seconds (0d 0h 0m 5s)

